Using pre-set license
Built from '2021.3/staging' branch; Version is '2021.3.25f1 (68ef2c4f8861) revision 6876972'; Using compiler version '192829333'; Build Type 'Release'
OS: 'Windows 11  (10.0.22624) 64bit CoreSingleLanguage' Language: 'en' Physical Memory: 15754 MB
BatchMode: 1, IsHumanControllingUs: 0, StartBugReporterOnCrash: 0, Is64bit: 1, IsPro: 1

COMMAND LINE ARGUMENTS:
B:\Unity\2021.3.25f1\Editor\Unity.exe
-adb2
-batchMode
-noUpm
-name
AssetImportWorker0
-projectPath
B:/Unity_Project/Flappy Bird
-logFile
Logs/AssetImportWorker0.log
-srvPort
63042
Successfully changed project path to: B:/Unity_Project/Flappy Bird
B:/Unity_Project/Flappy Bird
[UnityMemory] Configuration Parameters - Can be set up in boot.config
    "memorysetup-bucket-allocator-granularity=16"
    "memorysetup-bucket-allocator-bucket-count=8"
    "memorysetup-bucket-allocator-block-size=33554432"
    "memorysetup-bucket-allocator-block-count=8"
    "memorysetup-main-allocator-block-size=16777216"
    "memorysetup-thread-allocator-block-size=16777216"
    "memorysetup-gfx-main-allocator-block-size=16777216"
    "memorysetup-gfx-thread-allocator-block-size=16777216"
    "memorysetup-cache-allocator-block-size=4194304"
    "memorysetup-typetree-allocator-block-size=2097152"
    "memorysetup-profiler-bucket-allocator-granularity=16"
    "memorysetup-profiler-bucket-allocator-bucket-count=8"
    "memorysetup-profiler-bucket-allocator-block-size=33554432"
    "memorysetup-profiler-bucket-allocator-block-count=8"
    "memorysetup-profiler-allocator-block-size=16777216"
    "memorysetup-profiler-editor-allocator-block-size=1048576"
    "memorysetup-temp-allocator-size-main=16777216"
    "memorysetup-job-temp-allocator-block-size=2097152"
    "memorysetup-job-temp-allocator-block-size-background=1048576"
    "memorysetup-job-temp-allocator-reduction-small-platforms=262144"
    "memorysetup-temp-allocator-size-background-worker=32768"
    "memorysetup-temp-allocator-size-job-worker=262144"
    "memorysetup-temp-allocator-size-preload-manager=33554432"
    "memorysetup-temp-allocator-size-nav-mesh-worker=65536"
    "memorysetup-temp-allocator-size-audio-worker=65536"
    "memorysetup-temp-allocator-size-cloud-worker=32768"
    "memorysetup-temp-allocator-size-gi-baking-worker=262144"
    "memorysetup-temp-allocator-size-gfx=262144"
Player connection [12448] Host "[IP] 169.254.80.55 [Port] 0 [Flags] 2 [Guid] 1436306059 [EditorId] 1436306059 [Version] 1048832 [Id] WindowsEditor(7,MSI) [Debug] 1 [PackageName] WindowsEditor [ProjectName] Editor" joined multi-casting on [225.0.0.222:54997]...

Player connection [12448] Host "[IP] 169.254.80.55 [Port] 0 [Flags] 2 [Guid] 1436306059 [EditorId] 1436306059 [Version] 1048832 [Id] WindowsEditor(7,MSI) [Debug] 1 [PackageName] WindowsEditor [ProjectName] Editor" joined alternative multi-casting on [225.0.0.222:34997]...

Refreshing native plugins compatible for Editor in 93.41 ms, found 4 plugins.
Preloading 0 native plugins for Editor in 0.00 ms.
Initialize engine version: 2021.3.25f1 (68ef2c4f8861)
[Subsystems] Discovering subsystems at path B:/Unity/2021.3.25f1/Editor/Data/Resources/UnitySubsystems
[Subsystems] Discovering subsystems at path B:/Unity_Project/Flappy Bird/Assets
GfxDevice: creating device client; threaded=0; jobified=0
Direct3D:
    Version:  Direct3D 11.0 [level 11.1]
    Renderer: Radeon RX 5500M (ID=0x7340)
    Vendor:   ATI
    VRAM:     4055 MB
    Driver:   31.0.21001.45002
Initialize mono
Mono path[0] = 'B:/Unity/2021.3.25f1/Editor/Data/Managed'
Mono path[1] = 'B:/Unity/2021.3.25f1/Editor/Data/MonoBleedingEdge/lib/mono/unityjit-win32'
Mono config path = 'B:/Unity/2021.3.25f1/Editor/Data/MonoBleedingEdge/etc'
Using monoOptions --debugger-agent=transport=dt_socket,embedding=1,server=y,suspend=n,address=127.0.0.1:56192
Begin MonoManager ReloadAssembly
Registering precompiled unity dll's ...
Register platform support module: B:/Unity/2021.3.25f1/Editor/Data/PlaybackEngines/WebGLSupport/UnityEditor.WebGL.Extensions.dll
Register platform support module: B:/Unity/2021.3.25f1/Editor/Data/PlaybackEngines/AndroidPlayer/UnityEditor.Android.Extensions.dll
Register platform support module: B:/Unity/2021.3.25f1/Editor/Data/PlaybackEngines/WindowsStandaloneSupport/UnityEditor.WindowsStandalone.Extensions.dll
Registered in 0.001850 seconds.
Native extension for WindowsStandalone target not found
Native extension for Android target not found
Android Extension - Scanning For ADB Devices 284 ms
Native extension for WebGL target not found
Refreshing native plugins compatible for Editor in 84.68 ms, found 4 plugins.
Preloading 0 native plugins for Editor in 0.00 ms.
Mono: successfully reloaded assembly
- Completed reload, in  0.885 seconds
Domain Reload Profiling:
	ReloadAssembly (885ms)
		BeginReloadAssembly (87ms)
			ExecutionOrderSort (0ms)
			DisableScriptedObjects (0ms)
			BackupInstance (0ms)
			ReleaseScriptingObjects (0ms)
			CreateAndSetChildDomain (1ms)
		EndReloadAssembly (718ms)
			LoadAssemblies (87ms)
			RebuildTransferFunctionScriptingTraits (0ms)
			SetupTypeCache (90ms)
			ReleaseScriptCaches (0ms)
			RebuildScriptCaches (23ms)
			SetupLoadedEditorAssemblies (563ms)
				LogAssemblyErrors (0ms)
				InitializePlatformSupportModulesInManaged (361ms)
				SetLoadedEditorAssemblies (0ms)
				RefreshPlugins (85ms)
				BeforeProcessingInitializeOnLoad (1ms)
				ProcessInitializeOnLoadAttributes (76ms)
				ProcessInitializeOnLoadMethodAttributes (40ms)
				AfterProcessingInitializeOnLoad (0ms)
				EditorAssembliesLoaded (0ms)
			ExecutionOrderSort2 (0ms)
			AwakeInstancesAfterBackupRestoration (0ms)
Platform modules already initialized, skipping
Registering precompiled user dll's ...
Registered in 0.003921 seconds.
Begin MonoManager ReloadAssembly
Symbol file LoadedFromMemory doesn't match image B:\Unity_Project\Flappy Bird\Library\PackageCache\com.unity.visualscripting@1.8.0\Editor\VisualScripting.Core\Dependencies\YamlDotNet\Unity.VisualScripting.YamlDotNet.dll
Symbol file LoadedFromMemory doesn't match image B:\Unity_Project\Flappy Bird\Library\PackageCache\com.unity.visualscripting@1.8.0\Editor\VisualScripting.Core\Dependencies\DotNetZip\Unity.VisualScripting.IonicZip.dll
Native extension for WindowsStandalone target not found
Native extension for Android target not found
Native extension for WebGL target not found
Refreshing native plugins compatible for Editor in 71.59 ms, found 4 plugins.
Preloading 0 native plugins for Editor in 0.00 ms.
Mono: successfully reloaded assembly
- Completed reload, in  0.939 seconds
Domain Reload Profiling:
	ReloadAssembly (939ms)
		BeginReloadAssembly (106ms)
			ExecutionOrderSort (0ms)
			DisableScriptedObjects (5ms)
			BackupInstance (0ms)
			ReleaseScriptingObjects (0ms)
			CreateAndSetChildDomain (25ms)
		EndReloadAssembly (747ms)
			LoadAssemblies (75ms)
			RebuildTransferFunctionScriptingTraits (0ms)
			SetupTypeCache (194ms)
			ReleaseScriptCaches (1ms)
			RebuildScriptCaches (50ms)
			SetupLoadedEditorAssemblies (391ms)
				LogAssemblyErrors (0ms)
				InitializePlatformSupportModulesInManaged (15ms)
				SetLoadedEditorAssemblies (0ms)
				RefreshPlugins (72ms)
				BeforeProcessingInitializeOnLoad (77ms)
				ProcessInitializeOnLoadAttributes (189ms)
				ProcessInitializeOnLoadMethodAttributes (36ms)
				AfterProcessingInitializeOnLoad (3ms)
				EditorAssembliesLoaded (0ms)
			ExecutionOrderSort2 (0ms)
			AwakeInstancesAfterBackupRestoration (6ms)
Platform modules already initialized, skipping
========================================================================
Worker process is ready to serve import requests
Launched and connected shader compiler UnityShaderCompiler.exe after 0.05 seconds
Refreshing native plugins compatible for Editor in 0.88 ms, found 4 plugins.
Preloading 0 native plugins for Editor in 0.00 ms.
Unloading 3790 Unused Serialized files (Serialized files now loaded: 0)
Unloading 41 unused Assets / (457.3 KB). Loaded Objects now: 4248.
Memory consumption went from 151.1 MB to 150.6 MB.
Total: 3.881400 ms (FindLiveObjects: 0.348700 ms CreateObjectMapping: 0.294600 ms MarkObjects: 3.024800 ms  DeleteObjects: 0.212500 ms)

AssetImportParameters requested are different than current active one (requested -> active):
  custom:video-decoder-ogg-theora: a1e56fd34408186e4bbccfd4996cb3dc -> 
  custom:container-muxer-webm: aa71ff27fc2769a1b78a27578f13a17b -> 
  custom:container-demuxer-webm: 4f35f7cbe854078d1ac9338744f61a02 -> 
  custom:video-encoder-webm-vp8: eb34c28f22e8b96e1ab97ce403110664 -> 
  custom:video-codec-MediaFoundation-h265: 746d11721c4dcdbdad8f713fa42b33f4 -> 
  custom:audio-encoder-webm-vorbis: bf7c407c2cedff20999df2af8eb42d56 -> 
  custom:framework-win-MediaFoundation: 216162199b28c13a410421893ffa2e32 -> 
  custom:container-demuxer-ogg: 62fdf1f143b41e24485cea50d1cbac27 -> 
  custom:video-decoder-webm-vp8: 9c59270c3fd7afecdb556c50c9e8de78 -> 
  custom:audio-decoder-ogg-vorbis: bf7c407c2cedff20999df2af8eb42d56 -> 
========================================================================
Received Import Request.
  Time since last request: 220272.275401 seconds.
  path: Assets/TextMesh Pro/Examples & Extras/Resources/Fonts & Materials/Electronic Highway Sign SDF.asset
  artifactKey: Guid(dc36b3fdc14f47ebb36fd484a67e268a) Importer(815301076,1909f56bfc062723c751e8b465ee728b)
Start importing Assets/TextMesh Pro/Examples & Extras/Resources/Fonts & Materials/Electronic Highway Sign SDF.asset using Guid(dc36b3fdc14f47ebb36fd484a67e268a) Importer(815301076,1909f56bfc062723c751e8b465ee728b)  -> (artifact id: 'a49f6d70efc52751a2a4af9fbbbfab4f') in 0.120406 seconds 
========================================================================
Received Import Request.
  Time since last request: 23.392595 seconds.
  path: Assets/Game/Image/flappy-bird-assets/sprites/favicon.jpg
  artifactKey: Guid(60a64cc8932773240bfaf01e3a28837d) Importer(815301076,1909f56bfc062723c751e8b465ee728b)
Start importing Assets/Game/Image/flappy-bird-assets/sprites/favicon.jpg using Guid(60a64cc8932773240bfaf01e3a28837d) Importer(815301076,1909f56bfc062723c751e8b465ee728b)  -> (artifact id: '84411258686fcd13b6dcd8b1d0677b4f') in 0.031515 seconds 
========================================================================
Received Import Request.
  Time since last request: 7.153721 seconds.
  path: Assets/Game/Image/flappy-bird-assets/sprites/favicon.jpg
  artifactKey: Guid(60a64cc8932773240bfaf01e3a28837d) Importer(815301076,1909f56bfc062723c751e8b465ee728b)
Start importing Assets/Game/Image/flappy-bird-assets/sprites/favicon.jpg using Guid(60a64cc8932773240bfaf01e3a28837d) Importer(815301076,1909f56bfc062723c751e8b465ee728b)  -> (artifact id: 'd61888df886fcb21f27fb16d4e08d2fc') in 0.006724 seconds 
========================================================================
Received Import Request.
  Time since last request: 255.394650 seconds.
  path: Assets/Game/Image/flappy-bird-assets/sprites/favicon-5.png
  artifactKey: Guid(304c71047de7bfd499dc66e00a88879c) Importer(815301076,1909f56bfc062723c751e8b465ee728b)
Start importing Assets/Game/Image/flappy-bird-assets/sprites/favicon-5.png using Guid(304c71047de7bfd499dc66e00a88879c) Importer(815301076,1909f56bfc062723c751e8b465ee728b)  -> (artifact id: '82eb7e12bbad6731534f8370986a31f0') in 0.023336 seconds 
========================================================================
Received Import Request.
  Time since last request: 270.469292 seconds.
  path: Assets/Game/Script/BirdController.cs
  artifactKey: Guid(3d48210eabf61c04bbc5f613d9f75345) Importer(815301076,1909f56bfc062723c751e8b465ee728b)
Start importing Assets/Game/Script/BirdController.cs using Guid(3d48210eabf61c04bbc5f613d9f75345) Importer(815301076,1909f56bfc062723c751e8b465ee728b)  -> (artifact id: 'a8be7d6d226681b12fa6c37cbd6d69cd') in 0.015391 seconds 
========================================================================
Received Import Request.
  Time since last request: 51.022499 seconds.
  path: Assets/Game/Script/BirdController.cs
  artifactKey: Guid(3d48210eabf61c04bbc5f613d9f75345) Importer(815301076,1909f56bfc062723c751e8b465ee728b)
Start importing Assets/Game/Script/BirdController.cs using Guid(3d48210eabf61c04bbc5f613d9f75345) Importer(815301076,1909f56bfc062723c751e8b465ee728b)  -> (artifact id: '20e199a28bb6635f2f8e8e231ebe5539') in 0.001731 seconds 
========================================================================
Received Import Request.
  Time since last request: 16.692870 seconds.
  path: Assets/Game/Script/BirdController.cs
  artifactKey: Guid(3d48210eabf61c04bbc5f613d9f75345) Importer(815301076,1909f56bfc062723c751e8b465ee728b)
Start importing Assets/Game/Script/BirdController.cs using Guid(3d48210eabf61c04bbc5f613d9f75345) Importer(815301076,1909f56bfc062723c751e8b465ee728b)  -> (artifact id: '7a113841ce0288cab25739c237ccbacb') in 0.001885 seconds 
========================================================================
Received Prepare
Registering precompiled user dll's ...
Registered in 0.003863 seconds.
Begin MonoManager ReloadAssembly
Symbol file LoadedFromMemory doesn't match image B:\Unity_Project\Flappy Bird\Library\PackageCache\com.unity.visualscripting@1.8.0\Editor\VisualScripting.Core\Dependencies\YamlDotNet\Unity.VisualScripting.YamlDotNet.dll
Symbol file LoadedFromMemory doesn't match image B:\Unity_Project\Flappy Bird\Library\PackageCache\com.unity.visualscripting@1.8.0\Editor\VisualScripting.Core\Dependencies\DotNetZip\Unity.VisualScripting.IonicZip.dll
Native extension for WindowsStandalone target not found
Native extension for Android target not found
Native extension for WebGL target not found
Refreshing native plugins compatible for Editor in 0.68 ms, found 4 plugins.
Preloading 0 native plugins for Editor in 0.00 ms.
Mono: successfully reloaded assembly
- Completed reload, in  0.773 seconds
Domain Reload Profiling:
	ReloadAssembly (773ms)
		BeginReloadAssembly (117ms)
			ExecutionOrderSort (0ms)
			DisableScriptedObjects (6ms)
			BackupInstance (0ms)
			ReleaseScriptingObjects (0ms)
			CreateAndSetChildDomain (33ms)
		EndReloadAssembly (578ms)
			LoadAssemblies (77ms)
			RebuildTransferFunctionScriptingTraits (0ms)
			SetupTypeCache (178ms)
			ReleaseScriptCaches (1ms)
			RebuildScriptCaches (37ms)
			SetupLoadedEditorAssemblies (258ms)
				LogAssemblyErrors (0ms)
				InitializePlatformSupportModulesInManaged (17ms)
				SetLoadedEditorAssemblies (0ms)
				RefreshPlugins (1ms)
				BeforeProcessingInitializeOnLoad (50ms)
				ProcessInitializeOnLoadAttributes (154ms)
				ProcessInitializeOnLoadMethodAttributes (32ms)
				AfterProcessingInitializeOnLoad (3ms)
				EditorAssembliesLoaded (0ms)
			ExecutionOrderSort2 (0ms)
			AwakeInstancesAfterBackupRestoration (6ms)
Platform modules already initialized, skipping
Refreshing native plugins compatible for Editor in 1.62 ms, found 4 plugins.
Preloading 0 native plugins for Editor in 0.00 ms.
Unloading 3771 Unused Serialized files (Serialized files now loaded: 0)
Unloading 28 unused Assets / (196.8 KB). Loaded Objects now: 4297.
Memory consumption went from 149.1 MB to 148.9 MB.
Total: 2.733200 ms (FindLiveObjects: 0.249900 ms CreateObjectMapping: 0.102200 ms MarkObjects: 2.230200 ms  DeleteObjects: 0.150000 ms)

AssetImportParameters requested are different than current active one (requested -> active):
  custom:video-decoder-ogg-theora: a1e56fd34408186e4bbccfd4996cb3dc -> 
  custom:container-muxer-webm: aa71ff27fc2769a1b78a27578f13a17b -> 
  custom:container-demuxer-webm: 4f35f7cbe854078d1ac9338744f61a02 -> 
  custom:video-encoder-webm-vp8: eb34c28f22e8b96e1ab97ce403110664 -> 
  custom:video-codec-MediaFoundation-h265: 746d11721c4dcdbdad8f713fa42b33f4 -> 
  custom:audio-encoder-webm-vorbis: bf7c407c2cedff20999df2af8eb42d56 -> 
  custom:framework-win-MediaFoundation: 216162199b28c13a410421893ffa2e32 -> 
  custom:container-demuxer-ogg: 62fdf1f143b41e24485cea50d1cbac27 -> 
  custom:video-decoder-webm-vp8: 9c59270c3fd7afecdb556c50c9e8de78 -> 
  custom:audio-decoder-ogg-vorbis: bf7c407c2cedff20999df2af8eb42d56 -> 
========================================================================
Received Import Request.
  Time since last request: 19.176531 seconds.
  path: Assets/Game/Image/flappy-bird-assets/audio/die.ogg
  artifactKey: Guid(15ddd714b385e074cac33e8784334e3e) Importer(815301076,1909f56bfc062723c751e8b465ee728b)
Start importing Assets/Game/Image/flappy-bird-assets/audio/die.ogg using Guid(15ddd714b385e074cac33e8784334e3e) Importer(815301076,1909f56bfc062723c751e8b465ee728b)  -> (artifact id: '151325faeae5353d3ee0b387957f8f47') in 0.092675 seconds 
========================================================================
Received Import Request.
  Time since last request: 0.022384 seconds.
  path: Assets/Game/Image/flappy-bird-assets/audio/hit.ogg
  artifactKey: Guid(6db5cf5ff52358046bebf6f3ea2a5175) Importer(815301076,1909f56bfc062723c751e8b465ee728b)
Start importing Assets/Game/Image/flappy-bird-assets/audio/hit.ogg using Guid(6db5cf5ff52358046bebf6f3ea2a5175) Importer(815301076,1909f56bfc062723c751e8b465ee728b)  -> (artifact id: '1e3b7f792e472adbb482a971faee1b7c') in 0.043781 seconds 
========================================================================
Received Import Request.
  Time since last request: 0.000029 seconds.
  path: Assets/Game/Image/flappy-bird-assets/audio/hit.wav
  artifactKey: Guid(54c62c1f94199e5428ed5d76013a1ab5) Importer(815301076,1909f56bfc062723c751e8b465ee728b)
Start importing Assets/Game/Image/flappy-bird-assets/audio/hit.wav using Guid(54c62c1f94199e5428ed5d76013a1ab5) Importer(815301076,1909f56bfc062723c751e8b465ee728b)  -> (artifact id: '4cc23eefeafa29c9b753b7d0e33b073b') in 0.022767 seconds 
========================================================================
Received Import Request.
  Time since last request: 0.000024 seconds.
  path: Assets/Game/Image/flappy-bird-assets/audio/swoosh.ogg
  artifactKey: Guid(26b988efc1c656441a7112a54b63b307) Importer(815301076,1909f56bfc062723c751e8b465ee728b)
Start importing Assets/Game/Image/flappy-bird-assets/audio/swoosh.ogg using Guid(26b988efc1c656441a7112a54b63b307) Importer(815301076,1909f56bfc062723c751e8b465ee728b)  -> (artifact id: 'df9b574b8bce09499414e7dba294ede5') in 0.028711 seconds 
========================================================================
Received Import Request.
  Time since last request: 0.000027 seconds.
  path: Assets/Game/Image/flappy-bird-assets/audio/wing.ogg
  artifactKey: Guid(2003c5ab7edbede4881fd70b916eedc8) Importer(815301076,1909f56bfc062723c751e8b465ee728b)
Start importing Assets/Game/Image/flappy-bird-assets/audio/wing.ogg using Guid(2003c5ab7edbede4881fd70b916eedc8) Importer(815301076,1909f56bfc062723c751e8b465ee728b)  -> (artifact id: 'a56cedd31c0c7d2f47ed02f3491f7643') in 0.020571 seconds 
Editor requested this worker to shutdown with reason: Scaling down because of idle timeout
AssetImportWorker is now disconnected from the server
Process exiting
Exiting without the bug reporter. Application will terminate with return code 0